[2024-10-21 13:42:56] local.ERROR: SQLSTATE[42S02]: Base table or view not found: 1146 Table 'homestead.guilds' doesn't exist (SQL: select * from `guilds` where `guild_id` = 548137931316133899 limit 1) {"exception":"[object] (Illuminate\\Database\\QueryException(code: 42S02): SQLSTATE[42S02]: Base table or view not found: 1146 Table 'homestead.guilds' doesn't exist (SQL: select * from `guilds` where `guild_id` = 548137931316133899 limit 1) at /home/vagrant/code/berendbotje/vendor/laravel/framework/src/Illuminate/Database/Connection.php:760)
[stacktrace]
#0 /home/vagrant/code/berendbotje/vendor/laravel/framework/src/Illuminate/Database/Connection.php(720): Illuminate\\Database\\Connection->runQueryCallback()
#1 /home/vagrant/code/berendbotje/vendor/laravel/framework/src/Illuminate/Database/Connection.php(422): Illuminate\\Database\\Connection->run()
#2 /home/vagrant/code/berendbotje/vendor/laravel/framework/src/Illuminate/Database/Query/Builder.php(2706): Illuminate\\Database\\Connection->select()
#3 /home/vagrant/code/berendbotje/vendor/laravel/framework/src/Illuminate/Database/Query/Builder.php(2694): Illuminate\\Database\\Query\\Builder->runSelect()
#4 /home/vagrant/code/berendbotje/vendor/laravel/framework/src/Illuminate/Database/Query/Builder.php(3230): Illuminate\\Database\\Query\\Builder->Illuminate\\Database\\Query\\{closure}()
#5 /home/vagrant/code/berendbotje/vendor/laravel/framework/src/Illuminate/Database/Query/Builder.php(2695): Illuminate\\Database\\Query\\Builder->onceWithColumns()
#6 /home/vagrant/code/berendbotje/vendor/laravel/framework/src/Illuminate/Database/Eloquent/Builder.php(710): Illuminate\\Database\\Query\\Builder->get()
#7 /home/vagrant/code/berendbotje/vendor/laravel/framework/src/Illuminate/Database/Eloquent/Builder.php(694): Illuminate\\Database\\Eloquent\\Builder->getModels()
#8 /home/vagrant/code/berendbotje/vendor/laravel/framework/src/Illuminate/Database/Concerns/BuildsQueries.php(296): Illuminate\\Database\\Eloquent\\Builder->get()
#9 /home/vagrant/code/berendbotje/app/Domain/Discord/Guild.php(43): Illuminate\\Database\\Eloquent\\Builder->first()
#10 /home/vagrant/code/berendbotje/app/Discord/Core/Events/GuildCreate.php(40): App\\Domain\\Discord\\Guild::get()
#11 /home/vagrant/code/berendbotje/vendor/evenement/evenement/src/Evenement/EventEmitterTrait.php(123): App\\Discord\\Core\\Events\\GuildCreate->execute()
#12 /home/vagrant/code/berendbotje/vendor/team-reflex/discord-php/src/Discord/Discord.php(784): Discord\\Discord->emit()
#13 /home/vagrant/code/berendbotje/vendor/react/promise/src/FulfilledPromise.php(42): Discord\\Discord->Discord\\{closure}()
#14 /home/vagrant/code/berendbotje/vendor/react/promise/src/Promise.php(66): React\\Promise\\FulfilledPromise->done()
#15 /home/vagrant/code/berendbotje/vendor/react/promise/src/Promise.php(168): React\\Promise\\Promise::React\\Promise\\{closure}()
#16 /home/vagrant/code/berendbotje/vendor/react/promise/src/Promise.php(231): React\\Promise\\Promise->settle()
#17 /home/vagrant/code/berendbotje/vendor/react/promise/src/Deferred.php(36): React\\Promise\\Promise::React\\Promise\\{closure}()
#18 /home/vagrant/code/berendbotje/vendor/react/promise/src/FulfilledPromise.php(42): React\\Promise\\Deferred->resolve()
#19 /home/vagrant/code/berendbotje/vendor/react/promise/src/Promise.php(61): React\\Promise\\FulfilledPromise->done()
#20 /home/vagrant/code/berendbotje/vendor/team-reflex/discord-php/src/Discord/Discord.php(817): React\\Promise\\Promise->done()
#21 /home/vagrant/code/berendbotje/vendor/team-reflex/discord-php/src/Discord/Discord.php(667): Discord\\Discord->handleDispatch()
#22 /home/vagrant/code/berendbotje/vendor/team-reflex/discord-php/src/Discord/Discord.php(633): Discord\\Discord->processWsMessage()
#23 /home/vagrant/code/berendbotje/vendor/evenement/evenement/src/Evenement/EventEmitterTrait.php(123): Discord\\Discord->handleWsMessage()
#24 /home/vagrant/code/berendbotje/vendor/ratchet/pawl/src/WebSocket.php(72): Ratchet\\Client\\WebSocket->emit()
#25 /home/vagrant/code/berendbotje/vendor/ratchet/rfc6455/src/Messaging/MessageBuffer.php(248): Ratchet\\Client\\WebSocket->Ratchet\\Client\\{closure}()
#26 /home/vagrant/code/berendbotje/vendor/ratchet/rfc6455/src/Messaging/MessageBuffer.php(194): Ratchet\\RFC6455\\Messaging\\MessageBuffer->processData()
#27 /home/vagrant/code/berendbotje/vendor/evenement/evenement/src/Evenement/EventEmitterTrait.php(123): Ratchet\\RFC6455\\Messaging\\MessageBuffer->onData()
#28 /home/vagrant/code/berendbotje/vendor/react/stream/src/Util.php(71): Evenement\\EventEmitter->emit()
#29 /home/vagrant/code/berendbotje/vendor/evenement/evenement/src/Evenement/EventEmitterTrait.php(123): React\\Stream\\Util::React\\Stream\\{closure}()
#30 /home/vagrant/code/berendbotje/vendor/react/stream/src/DuplexResourceStream.php(196): Evenement\\EventEmitter->emit()
#31 /home/vagrant/code/berendbotje/vendor/react/event-loop/src/StreamSelectLoop.php(246): React\\Stream\\DuplexResourceStream->handleData()
#32 /home/vagrant/code/berendbotje/vendor/react/event-loop/src/StreamSelectLoop.php(213): React\\EventLoop\\StreamSelectLoop->waitForStreamActivity()
#33 /home/vagrant/code/berendbotje/vendor/team-reflex/discord-php/src/Discord/Discord.php(1496): React\\EventLoop\\StreamSelectLoop->run()
#34 /home/vagrant/code/berendbotje/app/Discord/Core/Bot.php(53): Discord\\Discord->run()
#35 /home/vagrant/code/berendbotje/app/Console/Commands/Run.php(33): App\\Discord\\Core\\Bot->connect()
#36 /home/vagrant/code/berendbotje/vendor/laravel/framework/src/Illuminate/Container/BoundMethod.php(36): App\\Console\\Commands\\Run->handle()
#37 /home/vagrant/code/berendbotje/vendor/laravel/framework/src/Illuminate/Container/Util.php(41): Illuminate\\Container\\BoundMethod::Illuminate\\Container\\{closure}()
#38 /home/vagrant/code/berendbotje/vendor/laravel/framework/src/Illuminate/Container/BoundMethod.php(93): Illuminate\\Container\\Util::unwrapIfClosure()
#39 /home/vagrant/code/berendbotje/vendor/laravel/framework/src/Illuminate/Container/BoundMethod.php(37): Illuminate\\Container\\BoundMethod::callBoundMethod()
#40 /home/vagrant/code/berendbotje/vendor/laravel/framework/src/Illuminate/Container/Container.php(661): Illuminate\\Container\\BoundMethod::call()
#41 /home/vagrant/code/berendbotje/vendor/laravel/framework/src/Illuminate/Console/Command.php(183): Illuminate\\Container\\Container->call()
#42 /home/vagrant/code/berendbotje/vendor/symfony/console/Command/Command.php(326): Illuminate\\Console\\Command->execute()
#43 /home/vagrant/code/berendbotje/vendor/laravel/framework/src/Illuminate/Console/Command.php(153): Symfony\\Component\\Console\\Command\\Command->run()
#44 /home/vagrant/code/berendbotje/vendor/symfony/console/Application.php(1063): Illuminate\\Console\\Command->run()
#45 /home/vagrant/code/berendbotje/vendor/symfony/console/Application.php(320): Symfony\\Component\\Console\\Application->doRunCommand()
#46 /home/vagrant/code/berendbotje/vendor/symfony/console/Application.php(174): Symfony\\Component\\Console\\Application->doRun()
#47 /home/vagrant/code/berendbotje/vendor/laravel/framework/src/Illuminate/Console/Application.php(102): Symfony\\Component\\Console\\Application->run()
#48 /home/vagrant/code/berendbotje/vendor/laravel/framework/src/Illuminate/Foundation/Console/Kernel.php(155): Illuminate\\Console\\Application->run()
#49 /home/vagrant/code/berendbotje/artisan(37): Illuminate\\Foundation\\Console\\Kernel->handle()
#50 {main}

[previous exception] [object] (PDOException(code: 42S02): SQLSTATE[42S02]: Base table or view not found: 1146 Table 'homestead.guilds' doesn't exist at /home/vagrant/code/berendbotje/vendor/laravel/framework/src/Illuminate/Database/Connection.php:414)
[stacktrace]
#0 /home/vagrant/code/berendbotje/vendor/laravel/framework/src/Illuminate/Database/Connection.php(414): PDO->prepare()
#1 /home/vagrant/code/berendbotje/vendor/laravel/framework/src/Illuminate/Database/Connection.php(753): Illuminate\\Database\\Connection->Illuminate\\Database\\{closure}()
#2 /home/vagrant/code/berendbotje/vendor/laravel/framework/src/Illuminate/Database/Connection.php(720): Illuminate\\Database\\Connection->runQueryCallback()
#3 /home/vagrant/code/berendbotje/vendor/laravel/framework/src/Illuminate/Database/Connection.php(422): Illuminate\\Database\\Connection->run()
#4 /home/vagrant/code/berendbotje/vendor/laravel/framework/src/Illuminate/Database/Query/Builder.php(2706): Illuminate\\Database\\Connection->select()
#5 /home/vagrant/code/berendbotje/vendor/laravel/framework/src/Illuminate/Database/Query/Builder.php(2694): Illuminate\\Database\\Query\\Builder->runSelect()
#6 /home/vagrant/code/berendbotje/vendor/laravel/framework/src/Illuminate/Database/Query/Builder.php(3230): Illuminate\\Database\\Query\\Builder->Illuminate\\Database\\Query\\{closure}()
#7 /home/vagrant/code/berendbotje/vendor/laravel/framework/src/Illuminate/Database/Query/Builder.php(2695): Illuminate\\Database\\Query\\Builder->onceWithColumns()
#8 /home/vagrant/code/berendbotje/vendor/laravel/framework/src/Illuminate/Database/Eloquent/Builder.php(710): Illuminate\\Database\\Query\\Builder->get()
#9 /home/vagrant/code/berendbotje/vendor/laravel/framework/src/Illuminate/Database/Eloquent/Builder.php(694): Illuminate\\Database\\Eloquent\\Builder->getModels()
#10 /home/vagrant/code/berendbotje/vendor/laravel/framework/src/Illuminate/Database/Concerns/BuildsQueries.php(296): Illuminate\\Database\\Eloquent\\Builder->get()
#11 /home/vagrant/code/berendbotje/app/Domain/Discord/Guild.php(43): Illuminate\\Database\\Eloquent\\Builder->first()
#12 /home/vagrant/code/berendbotje/app/Discord/Core/Events/GuildCreate.php(40): App\\Domain\\Discord\\Guild::get()
#13 /home/vagrant/code/berendbotje/vendor/evenement/evenement/src/Evenement/EventEmitterTrait.php(123): App\\Discord\\Core\\Events\\GuildCreate->execute()
#14 /home/vagrant/code/berendbotje/vendor/team-reflex/discord-php/src/Discord/Discord.php(784): Discord\\Discord->emit()
#15 /home/vagrant/code/berendbotje/vendor/react/promise/src/FulfilledPromise.php(42): Discord\\Discord->Discord\\{closure}()
#16 /home/vagrant/code/berendbotje/vendor/react/promise/src/Promise.php(66): React\\Promise\\FulfilledPromise->done()
#17 /home/vagrant/code/berendbotje/vendor/react/promise/src/Promise.php(168): React\\Promise\\Promise::React\\Promise\\{closure}()
#18 /home/vagrant/code/berendbotje/vendor/react/promise/src/Promise.php(231): React\\Promise\\Promise->settle()
#19 /home/vagrant/code/berendbotje/vendor/react/promise/src/Deferred.php(36): React\\Promise\\Promise::React\\Promise\\{closure}()
#20 /home/vagrant/code/berendbotje/vendor/react/promise/src/FulfilledPromise.php(42): React\\Promise\\Deferred->resolve()
#21 /home/vagrant/code/berendbotje/vendor/react/promise/src/Promise.php(61): React\\Promise\\FulfilledPromise->done()
#22 /home/vagrant/code/berendbotje/vendor/team-reflex/discord-php/src/Discord/Discord.php(817): React\\Promise\\Promise->done()
#23 /home/vagrant/code/berendbotje/vendor/team-reflex/discord-php/src/Discord/Discord.php(667): Discord\\Discord->handleDispatch()
#24 /home/vagrant/code/berendbotje/vendor/team-reflex/discord-php/src/Discord/Discord.php(633): Discord\\Discord->processWsMessage()
#25 /home/vagrant/code/berendbotje/vendor/evenement/evenement/src/Evenement/EventEmitterTrait.php(123): Discord\\Discord->handleWsMessage()
#26 /home/vagrant/code/berendbotje/vendor/ratchet/pawl/src/WebSocket.php(72): Ratchet\\Client\\WebSocket->emit()
#27 /home/vagrant/code/berendbotje/vendor/ratchet/rfc6455/src/Messaging/MessageBuffer.php(248): Ratchet\\Client\\WebSocket->Ratchet\\Client\\{closure}()
#28 /home/vagrant/code/berendbotje/vendor/ratchet/rfc6455/src/Messaging/MessageBuffer.php(194): Ratchet\\RFC6455\\Messaging\\MessageBuffer->processData()
#29 /home/vagrant/code/berendbotje/vendor/evenement/evenement/src/Evenement/EventEmitterTrait.php(123): Ratchet\\RFC6455\\Messaging\\MessageBuffer->onData()
#30 /home/vagrant/code/berendbotje/vendor/react/stream/src/Util.php(71): Evenement\\EventEmitter->emit()
#31 /home/vagrant/code/berendbotje/vendor/evenement/evenement/src/Evenement/EventEmitterTrait.php(123): React\\Stream\\Util::React\\Stream\\{closure}()
#32 /home/vagrant/code/berendbotje/vendor/react/stream/src/DuplexResourceStream.php(196): Evenement\\EventEmitter->emit()
#33 /home/vagrant/code/berendbotje/vendor/react/event-loop/src/StreamSelectLoop.php(246): React\\Stream\\DuplexResourceStream->handleData()
#34 /home/vagrant/code/berendbotje/vendor/react/event-loop/src/StreamSelectLoop.php(213): React\\EventLoop\\StreamSelectLoop->waitForStreamActivity()
#35 /home/vagrant/code/berendbotje/vendor/team-reflex/discord-php/src/Discord/Discord.php(1496): React\\EventLoop\\StreamSelectLoop->run()
#36 /home/vagrant/code/berendbotje/app/Discord/Core/Bot.php(53): Discord\\Discord->run()
#37 /home/vagrant/code/berendbotje/app/Console/Commands/Run.php(33): App\\Discord\\Core\\Bot->connect()
#38 /home/vagrant/code/berendbotje/vendor/laravel/framework/src/Illuminate/Container/BoundMethod.php(36): App\\Console\\Commands\\Run->handle()
#39 /home/vagrant/code/berendbotje/vendor/laravel/framework/src/Illuminate/Container/Util.php(41): Illuminate\\Container\\BoundMethod::Illuminate\\Container\\{closure}()
#40 /home/vagrant/code/berendbotje/vendor/laravel/framework/src/Illuminate/Container/BoundMethod.php(93): Illuminate\\Container\\Util::unwrapIfClosure()
#41 /home/vagrant/code/berendbotje/vendor/laravel/framework/src/Illuminate/Container/BoundMethod.php(37): Illuminate\\Container\\BoundMethod::callBoundMethod()
#42 /home/vagrant/code/berendbotje/vendor/laravel/framework/src/Illuminate/Container/Container.php(661): Illuminate\\Container\\BoundMethod::call()
#43 /home/vagrant/code/berendbotje/vendor/laravel/framework/src/Illuminate/Console/Command.php(183): Illuminate\\Container\\Container->call()
#44 /home/vagrant/code/berendbotje/vendor/symfony/console/Command/Command.php(326): Illuminate\\Console\\Command->execute()
#45 /home/vagrant/code/berendbotje/vendor/laravel/framework/src/Illuminate/Console/Command.php(153): Symfony\\Component\\Console\\Command\\Command->run()
#46 /home/vagrant/code/berendbotje/vendor/symfony/console/Application.php(1063): Illuminate\\Console\\Command->run()
#47 /home/vagrant/code/berendbotje/vendor/symfony/console/Application.php(320): Symfony\\Component\\Console\\Application->doRunCommand()
#48 /home/vagrant/code/berendbotje/vendor/symfony/console/Application.php(174): Symfony\\Component\\Console\\Application->doRun()
#49 /home/vagrant/code/berendbotje/vendor/laravel/framework/src/Illuminate/Console/Application.php(102): Symfony\\Component\\Console\\Application->run()
#50 /home/vagrant/code/berendbotje/vendor/laravel/framework/src/Illuminate/Foundation/Console/Kernel.php(155): Illuminate\\Console\\Application->run()
#51 /home/vagrant/code/berendbotje/artisan(37): Illuminate\\Foundation\\Console\\Kernel->handle()
#52 {main}
"} 
[2024-10-21 13:43:14] local.ERROR: Attempt to read property "id" on null {"exception":"[object] (ErrorException(code: 0): Attempt to read property \"id\" on null at /home/vagrant/code/berendbotje/database/seeders/RoleSeeder.php:53)
[stacktrace]
#0 /home/vagrant/code/berendbotje/vendor/laravel/framework/src/Illuminate/Foundation/Bootstrap/HandleExceptions.php(270): Illuminate\\Foundation\\Bootstrap\\HandleExceptions->handleError()
#1 /home/vagrant/code/berendbotje/database/seeders/RoleSeeder.php(53): Illuminate\\Foundation\\Bootstrap\\HandleExceptions->Illuminate\\Foundation\\Bootstrap\\{closure}()
#2 /home/vagrant/code/berendbotje/app/Discord/Core/Events/GuildCreate.php(54): Database\\Seeders\\RoleSeeder->createModRole()
#3 /home/vagrant/code/berendbotje/vendor/evenement/evenement/src/Evenement/EventEmitterTrait.php(123): App\\Discord\\Core\\Events\\GuildCreate->execute()
#4 /home/vagrant/code/berendbotje/vendor/team-reflex/discord-php/src/Discord/Discord.php(784): Discord\\Discord->emit()
#5 /home/vagrant/code/berendbotje/vendor/react/promise/src/FulfilledPromise.php(42): Discord\\Discord->Discord\\{closure}()
#6 /home/vagrant/code/berendbotje/vendor/react/promise/src/Promise.php(66): React\\Promise\\FulfilledPromise->done()
#7 /home/vagrant/code/berendbotje/vendor/react/promise/src/Promise.php(168): React\\Promise\\Promise::React\\Promise\\{closure}()
#8 /home/vagrant/code/berendbotje/vendor/react/promise/src/Promise.php(231): React\\Promise\\Promise->settle()
#9 /home/vagrant/code/berendbotje/vendor/react/promise/src/Deferred.php(36): React\\Promise\\Promise::React\\Promise\\{closure}()
#10 /home/vagrant/code/berendbotje/vendor/react/promise/src/FulfilledPromise.php(42): React\\Promise\\Deferred->resolve()
#11 /home/vagrant/code/berendbotje/vendor/react/promise/src/Promise.php(61): React\\Promise\\FulfilledPromise->done()
#12 /home/vagrant/code/berendbotje/vendor/team-reflex/discord-php/src/Discord/Discord.php(817): React\\Promise\\Promise->done()
#13 /home/vagrant/code/berendbotje/vendor/team-reflex/discord-php/src/Discord/Discord.php(667): Discord\\Discord->handleDispatch()
#14 /home/vagrant/code/berendbotje/vendor/team-reflex/discord-php/src/Discord/Discord.php(633): Discord\\Discord->processWsMessage()
#15 /home/vagrant/code/berendbotje/vendor/evenement/evenement/src/Evenement/EventEmitterTrait.php(123): Discord\\Discord->handleWsMessage()
#16 /home/vagrant/code/berendbotje/vendor/ratchet/pawl/src/WebSocket.php(72): Ratchet\\Client\\WebSocket->emit()
#17 /home/vagrant/code/berendbotje/vendor/ratchet/rfc6455/src/Messaging/MessageBuffer.php(248): Ratchet\\Client\\WebSocket->Ratchet\\Client\\{closure}()
#18 /home/vagrant/code/berendbotje/vendor/ratchet/rfc6455/src/Messaging/MessageBuffer.php(194): Ratchet\\RFC6455\\Messaging\\MessageBuffer->processData()
#19 /home/vagrant/code/berendbotje/vendor/evenement/evenement/src/Evenement/EventEmitterTrait.php(123): Ratchet\\RFC6455\\Messaging\\MessageBuffer->onData()
#20 /home/vagrant/code/berendbotje/vendor/react/stream/src/Util.php(71): Evenement\\EventEmitter->emit()
#21 /home/vagrant/code/berendbotje/vendor/evenement/evenement/src/Evenement/EventEmitterTrait.php(123): React\\Stream\\Util::React\\Stream\\{closure}()
#22 /home/vagrant/code/berendbotje/vendor/react/stream/src/DuplexResourceStream.php(196): Evenement\\EventEmitter->emit()
#23 /home/vagrant/code/berendbotje/vendor/react/event-loop/src/StreamSelectLoop.php(246): React\\Stream\\DuplexResourceStream->handleData()
#24 /home/vagrant/code/berendbotje/vendor/react/event-loop/src/StreamSelectLoop.php(213): React\\EventLoop\\StreamSelectLoop->waitForStreamActivity()
#25 /home/vagrant/code/berendbotje/vendor/team-reflex/discord-php/src/Discord/Discord.php(1496): React\\EventLoop\\StreamSelectLoop->run()
#26 /home/vagrant/code/berendbotje/app/Discord/Core/Bot.php(53): Discord\\Discord->run()
#27 /home/vagrant/code/berendbotje/app/Console/Commands/Run.php(33): App\\Discord\\Core\\Bot->connect()
#28 /home/vagrant/code/berendbotje/vendor/laravel/framework/src/Illuminate/Container/BoundMethod.php(36): App\\Console\\Commands\\Run->handle()
#29 /home/vagrant/code/berendbotje/vendor/laravel/framework/src/Illuminate/Container/Util.php(41): Illuminate\\Container\\BoundMethod::Illuminate\\Container\\{closure}()
#30 /home/vagrant/code/berendbotje/vendor/laravel/framework/src/Illuminate/Container/BoundMethod.php(93): Illuminate\\Container\\Util::unwrapIfClosure()
#31 /home/vagrant/code/berendbotje/vendor/laravel/framework/src/Illuminate/Container/BoundMethod.php(37): Illuminate\\Container\\BoundMethod::callBoundMethod()
#32 /home/vagrant/code/berendbotje/vendor/laravel/framework/src/Illuminate/Container/Container.php(661): Illuminate\\Container\\BoundMethod::call()
#33 /home/vagrant/code/berendbotje/vendor/laravel/framework/src/Illuminate/Console/Command.php(183): Illuminate\\Container\\Container->call()
#34 /home/vagrant/code/berendbotje/vendor/symfony/console/Command/Command.php(326): Illuminate\\Console\\Command->execute()
#35 /home/vagrant/code/berendbotje/vendor/laravel/framework/src/Illuminate/Console/Command.php(153): Symfony\\Component\\Console\\Command\\Command->run()
#36 /home/vagrant/code/berendbotje/vendor/symfony/console/Application.php(1063): Illuminate\\Console\\Command->run()
#37 /home/vagrant/code/berendbotje/vendor/symfony/console/Application.php(320): Symfony\\Component\\Console\\Application->doRunCommand()
#38 /home/vagrant/code/berendbotje/vendor/symfony/console/Application.php(174): Symfony\\Component\\Console\\Application->doRun()
#39 /home/vagrant/code/berendbotje/vendor/laravel/framework/src/Illuminate/Console/Application.php(102): Symfony\\Component\\Console\\Application->run()
#40 /home/vagrant/code/berendbotje/vendor/laravel/framework/src/Illuminate/Foundation/Console/Kernel.php(155): Illuminate\\Console\\Application->run()
#41 /home/vagrant/code/berendbotje/artisan(37): Illuminate\\Foundation\\Console\\Kernel->handle()
#42 {main}
"} 
[2024-10-29 20:11:32] local.ERROR: There are no commands defined in the "slash" namespace. {"exception":"[object] (Symfony\\Component\\Console\\Exception\\NamespaceNotFoundException(code: 0): There are no commands defined in the \"slash\" namespace. at /home/vagrant/code/berendbotje/vendor/symfony/console/Application.php:657)
[stacktrace]
#0 /home/vagrant/code/berendbotje/vendor/symfony/console/Application.php(708): Symfony\\Component\\Console\\Application->findNamespace()
#1 /home/vagrant/code/berendbotje/vendor/symfony/console/Application.php(262): Symfony\\Component\\Console\\Application->find()
#2 /home/vagrant/code/berendbotje/vendor/symfony/console/Application.php(174): Symfony\\Component\\Console\\Application->doRun()
#3 /home/vagrant/code/berendbotje/vendor/laravel/framework/src/Illuminate/Console/Application.php(102): Symfony\\Component\\Console\\Application->run()
#4 /home/vagrant/code/berendbotje/vendor/laravel/framework/src/Illuminate/Foundation/Console/Kernel.php(155): Illuminate\\Console\\Application->run()
#5 /home/vagrant/code/berendbotje/artisan(37): Illuminate\\Foundation\\Console\\Kernel->handle()
#6 {main}
"} 
[2024-10-29 20:12:02] local.ERROR: foreach() argument must be of type array|object, string given {"exception":"[object] (ErrorException(code: 0): foreach() argument must be of type array|object, string given at /home/vagrant/code/berendbotje/app/Console/SlashManager.php:55)
[stacktrace]
#0 /home/vagrant/code/berendbotje/vendor/laravel/framework/src/Illuminate/Foundation/Bootstrap/HandleExceptions.php(270): Illuminate\\Foundation\\Bootstrap\\HandleExceptions->handleError()
#1 /home/vagrant/code/berendbotje/app/Console/SlashManager.php(55): Illuminate\\Foundation\\Bootstrap\\HandleExceptions->Illuminate\\Foundation\\Bootstrap\\{closure}()
#2 /home/vagrant/code/berendbotje/app/Console/SlashManager.php(40): App\\Console\\SlashManager->loadCommands()
#3 /home/vagrant/code/berendbotje/app/Console/Commands/Slash.php(39): App\\Console\\SlashManager->register()
#4 /home/vagrant/code/berendbotje/vendor/laravel/framework/src/Illuminate/Container/BoundMethod.php(36): App\\Console\\Commands\\Slash->handle()
#5 /home/vagrant/code/berendbotje/vendor/laravel/framework/src/Illuminate/Container/Util.php(41): Illuminate\\Container\\BoundMethod::Illuminate\\Container\\{closure}()
#6 /home/vagrant/code/berendbotje/vendor/laravel/framework/src/Illuminate/Container/BoundMethod.php(93): Illuminate\\Container\\Util::unwrapIfClosure()
#7 /home/vagrant/code/berendbotje/vendor/laravel/framework/src/Illuminate/Container/BoundMethod.php(37): Illuminate\\Container\\BoundMethod::callBoundMethod()
#8 /home/vagrant/code/berendbotje/vendor/laravel/framework/src/Illuminate/Container/Container.php(661): Illuminate\\Container\\BoundMethod::call()
#9 /home/vagrant/code/berendbotje/vendor/laravel/framework/src/Illuminate/Console/Command.php(183): Illuminate\\Container\\Container->call()
#10 /home/vagrant/code/berendbotje/vendor/symfony/console/Command/Command.php(326): Illuminate\\Console\\Command->execute()
#11 /home/vagrant/code/berendbotje/vendor/laravel/framework/src/Illuminate/Console/Command.php(153): Symfony\\Component\\Console\\Command\\Command->run()
#12 /home/vagrant/code/berendbotje/vendor/symfony/console/Application.php(1063): Illuminate\\Console\\Command->run()
#13 /home/vagrant/code/berendbotje/vendor/symfony/console/Application.php(320): Symfony\\Component\\Console\\Application->doRunCommand()
#14 /home/vagrant/code/berendbotje/vendor/symfony/console/Application.php(174): Symfony\\Component\\Console\\Application->doRun()
#15 /home/vagrant/code/berendbotje/vendor/laravel/framework/src/Illuminate/Console/Application.php(102): Symfony\\Component\\Console\\Application->run()
#16 /home/vagrant/code/berendbotje/vendor/laravel/framework/src/Illuminate/Foundation/Console/Kernel.php(155): Illuminate\\Console\\Application->run()
#17 /home/vagrant/code/berendbotje/artisan(37): Illuminate\\Foundation\\Console\\Kernel->handle()
#18 {main}
"} 
[2024-11-02 02:39:16] local.ERROR: foreach() argument must be of type array|object, string given {"exception":"[object] (ErrorException(code: 0): foreach() argument must be of type array|object, string given at /home/vagrant/code/berendbotje/app/Console/SlashManager.php:55)
[stacktrace]
#0 /home/vagrant/code/berendbotje/vendor/laravel/framework/src/Illuminate/Foundation/Bootstrap/HandleExceptions.php(270): Illuminate\\Foundation\\Bootstrap\\HandleExceptions->handleError()
#1 /home/vagrant/code/berendbotje/app/Console/SlashManager.php(55): Illuminate\\Foundation\\Bootstrap\\HandleExceptions->Illuminate\\Foundation\\Bootstrap\\{closure}()
#2 /home/vagrant/code/berendbotje/app/Console/SlashManager.php(40): App\\Console\\SlashManager->loadCommands()
#3 /home/vagrant/code/berendbotje/app/Console/Commands/Slash.php(39): App\\Console\\SlashManager->register()
#4 /home/vagrant/code/berendbotje/vendor/laravel/framework/src/Illuminate/Container/BoundMethod.php(36): App\\Console\\Commands\\Slash->handle()
#5 /home/vagrant/code/berendbotje/vendor/laravel/framework/src/Illuminate/Container/Util.php(41): Illuminate\\Container\\BoundMethod::Illuminate\\Container\\{closure}()
#6 /home/vagrant/code/berendbotje/vendor/laravel/framework/src/Illuminate/Container/BoundMethod.php(93): Illuminate\\Container\\Util::unwrapIfClosure()
#7 /home/vagrant/code/berendbotje/vendor/laravel/framework/src/Illuminate/Container/BoundMethod.php(37): Illuminate\\Container\\BoundMethod::callBoundMethod()
#8 /home/vagrant/code/berendbotje/vendor/laravel/framework/src/Illuminate/Container/Container.php(661): Illuminate\\Container\\BoundMethod::call()
#9 /home/vagrant/code/berendbotje/vendor/laravel/framework/src/Illuminate/Console/Command.php(183): Illuminate\\Container\\Container->call()
#10 /home/vagrant/code/berendbotje/vendor/symfony/console/Command/Command.php(326): Illuminate\\Console\\Command->execute()
#11 /home/vagrant/code/berendbotje/vendor/laravel/framework/src/Illuminate/Console/Command.php(153): Symfony\\Component\\Console\\Command\\Command->run()
#12 /home/vagrant/code/berendbotje/vendor/symfony/console/Application.php(1063): Illuminate\\Console\\Command->run()
#13 /home/vagrant/code/berendbotje/vendor/symfony/console/Application.php(320): Symfony\\Component\\Console\\Application->doRunCommand()
#14 /home/vagrant/code/berendbotje/vendor/symfony/console/Application.php(174): Symfony\\Component\\Console\\Application->doRun()
#15 /home/vagrant/code/berendbotje/vendor/laravel/framework/src/Illuminate/Console/Application.php(102): Symfony\\Component\\Console\\Application->run()
#16 /home/vagrant/code/berendbotje/vendor/laravel/framework/src/Illuminate/Foundation/Console/Kernel.php(155): Illuminate\\Console\\Application->run()
#17 /home/vagrant/code/berendbotje/artisan(37): Illuminate\\Foundation\\Console\\Kernel->handle()
#18 {main}
"} 
